02-11 16:24:05 com_github_MitjaNemec_ReplicateLayout.action_replicate_layout 409:Plugin executed on: 'darwin'
02-11 16:24:05 com_github_MitjaNemec_ReplicateLayout.action_replicate_layout 410:Plugin executed with python version: '3.9.13 (v3.9.13:6de2ca5339, May 17 2022, 11:37:23) \n[Clang 13.0.0 (clang-1300.0.29.30)]'
02-11 16:24:05 com_github_MitjaNemec_ReplicateLayout.action_replicate_layout 411:KiCad build version: 9.0.7
02-11 16:24:05 com_github_MitjaNemec_ReplicateLayout.action_replicate_layout 412:Plugin version: 4.0.3
02-11 16:24:05 com_github_MitjaNemec_ReplicateLayout.action_replicate_layout 413:Frame repr: <wx._core.Frame object at 0x133f45430>
02-11 16:24:05 com_github_MitjaNemec_ReplicateLayout.action_replicate_layout 437:Preparing replicator with D1001 as a reference
02-11 16:24:05 com_github_MitjaNemec_ReplicateLayout.replicate_layout 117:getting a list of all footprints on board
02-11 16:24:05 com_github_MitjaNemec_ReplicateLayout.action_replicate_layout 485:source anchor footprint is 'D1001'
Located on: ['/Segment8/']
With filenames: ['Segment.kicad_sch']
With sheet_id:['/Segment8/']
02-11 16:24:05 com_github_MitjaNemec_ReplicateLayout.action_replicate_layout 492:Corresponding footprints are 
[('D301', ['/Segment1/']), ('D401', ['/Segment2/']), ('D801', ['/Segment6/']), ('D1101', ['/Segment9/']), ('D501', ['/Segment3/']), ('D601', ['/Segment4/']), ('D901', ['/Segment7/']), ('D1001', ['/Segment8/']), ('D201', ['/Segment/']), ('D701', ['/Segment5/'])]
02-11 16:24:05 com_github_MitjaNemec_ReplicateLayout.action_replicate_layout 504:Showing dialog
02-11 16:24:05 com_github_MitjaNemec_ReplicateLayout.replicate_layout 472:constructing a list of sheets suitable for replication on level:'/Segment8/', file:'Segment.kicad_sch'
02-11 16:24:05 com_github_MitjaNemec_ReplicateLayout.replicate_layout 509:suitable sheets are:[['/Segment/'], ['/Segment1/'], ['/Segment2/'], ['/Segment3/'], ['/Segment4/'], ['/Segment5/'], ['/Segment6/'], ['/Segment7/'], ['/Segment9/']]
02-11 16:24:05 com_github_MitjaNemec_ReplicateLayout.replicate_layout 1512:Level selected: ['/Segment8/']
02-11 16:24:05 com_github_MitjaNemec_ReplicateLayout.replicate_layout 1336:Filtering list of tracks
02-11 16:24:05 com_github_MitjaNemec_ReplicateLayout.action_replicate_layout 510:Toolbar position: wx.Point(-320, 96)
02-11 16:24:05 com_github_MitjaNemec_ReplicateLayout.action_replicate_layout 515:Dialog position: wx.Point(-759, 96)
02-11 16:24:19 com_github_MitjaNemec_ReplicateLayout.replicate_layout 472:constructing a list of sheets suitable for replication on level:'/Segment8/', file:'Segment.kicad_sch'
02-11 16:24:19 com_github_MitjaNemec_ReplicateLayout.replicate_layout 509:suitable sheets are:[['/Segment/'], ['/Segment1/'], ['/Segment2/'], ['/Segment3/'], ['/Segment4/'], ['/Segment5/'], ['/Segment6/'], ['/Segment7/'], ['/Segment9/']]
02-11 16:24:19 com_github_MitjaNemec_ReplicateLayout.action_replicate_layout 248:Replicating layout
02-11 16:24:19 com_github_MitjaNemec_ReplicateLayout.replicate_layout 288:Starting replication of sheets: [['/Segment/'], ['/Segment1/'], ['/Segment2/'], ['/Segment3/'], ['/Segment4/'], ['/Segment5/'], ['/Segment6/'], ['/Segment7/'], ['/Segment9/']]
on level: ['/Segment8/']
with tracks=True, zone=True, text=True, text=True, intersecting=False, remove=False, locked footprints=False, group_only=False
02-11 16:24:19 root 340:updating GUI message: 'Preparing for replication'
02-11 16:24:19 root 345:updating GUI with: 0
02-11 16:24:19 com_github_MitjaNemec_ReplicateLayout.replicate_layout 358:Getting the list of source footprints
02-11 16:24:19 root 345:updating GUI with: 0
02-11 16:24:19 com_github_MitjaNemec_ReplicateLayout.replicate_layout 368:Getting the list of all the remaining footprints
02-11 16:24:19 com_github_MitjaNemec_ReplicateLayout.replicate_layout 375:Getting source tracks
02-11 16:24:19 com_github_MitjaNemec_ReplicateLayout.replicate_layout 1336:Filtering list of tracks
02-11 16:24:19 com_github_MitjaNemec_ReplicateLayout.replicate_layout 379:Getting source zones
02-11 16:24:19 com_github_MitjaNemec_ReplicateLayout.replicate_layout 383:Getting source text items
02-11 16:24:19 com_github_MitjaNemec_ReplicateLayout.replicate_layout 387:Getting source drawing items
